{"C:\\Work\\Projects\\Anagrams\\src\\Anagram.js": {"path":"C:\\Work\\Projects\\Anagrams\\src\\Anagram.js","statementMap":{"0":{"start":{"line":2,"column":4},"end":{"line":2,"column":153}},"1":{"start":{"line":5,"column":0},"end":{"line":5,"column":27}}},"fnMap":{"0":{"name":"isAnagram","decl":{"start":{"line":1,"column":9},"end":{"line":1,"column":18}},"loc":{"start":{"line":1,"column":40},"end":{"line":3,"column":1}},"line":1}},"branchMap":{},"s":{"0":2,"1":1},"f":{"0":2},"b":{},"_coverageSchema":"1a1c01bbd47fc00a2c39e90264f33305004495a9","hash":"379cdce03f8dba8f8d87f32d6d8b62ce6d3f5a0a"}
,"C:\\Work\\Projects\\Anagrams\\src\\index.js": {"path":"C:\\Work\\Projects\\Anagrams\\src\\index.js","statementMap":{"0":{"start":{"line":2,"column":18},"end":{"line":2,"column":38}},"1":{"start":{"line":4,"column":12},"end":{"line":4,"column":48}},"2":{"start":{"line":5,"column":19},"end":{"line":5,"column":61}},"3":{"start":{"line":6,"column":20},"end":{"line":6,"column":63}},"4":{"start":{"line":7,"column":19},"end":{"line":7,"column":58}},"5":{"start":{"line":8,"column":18},"end":{"line":8,"column":50}},"6":{"start":{"line":10,"column":0},"end":{"line":46,"column":2}},"7":{"start":{"line":11,"column":21},"end":{"line":11,"column":37}},"8":{"start":{"line":12,"column":22},"end":{"line":12,"column":39}},"9":{"start":{"line":14,"column":4},"end":{"line":14,"column":26}},"10":{"start":{"line":16,"column":4},"end":{"line":16,"column":28}},"11":{"start":{"line":17,"column":4},"end":{"line":45,"column":5}},"12":{"start":{"line":18,"column":8},"end":{"line":18,"column":58}},"13":{"start":{"line":19,"column":8},"end":{"line":19,"column":35}},"14":{"start":{"line":20,"column":8},"end":{"line":20,"column":29}},"15":{"start":{"line":21,"column":8},"end":{"line":21,"column":30}},"16":{"start":{"line":23,"column":9},"end":{"line":45,"column":5}},"17":{"start":{"line":25,"column":8},"end":{"line":25,"column":69}},"18":{"start":{"line":26,"column":8},"end":{"line":26,"column":35}},"19":{"start":{"line":27,"column":8},"end":{"line":27,"column":29}},"20":{"start":{"line":28,"column":8},"end":{"line":28,"column":30}},"21":{"start":{"line":31,"column":21},"end":{"line":31,"column":83}},"22":{"start":{"line":33,"column":8},"end":{"line":33,"column":31}},"23":{"start":{"line":34,"column":8},"end":{"line":34,"column":29}},"24":{"start":{"line":35,"column":8},"end":{"line":35,"column":30}},"25":{"start":{"line":37,"column":8},"end":{"line":44,"column":9}},"26":{"start":{"line":38,"column":12},"end":{"line":38,"column":96}},"27":{"start":{"line":39,"column":12},"end":{"line":39,"column":58}},"28":{"start":{"line":42,"column":12},"end":{"line":42,"column":99}},"29":{"start":{"line":43,"column":12},"end":{"line":43,"column":59}},"30":{"start":{"line":48,"column":0},"end":{"line":48,"column":25}}},"fnMap":{"0":{"name":"(anonymous_0)","decl":{"start":{"line":10,"column":30},"end":{"line":10,"column":31}},"loc":{"start":{"line":10,"column":36},"end":{"line":46,"column":1}},"line":10}},"branchMap":{"0":{"loc":{"start":{"line":17,"column":4},"end":{"line":45,"column":5}},"type":"if","locations":[{"start":{"line":17,"column":4},"end":{"line":45,"column":5}},{"start":{"line":17,"column":4},"end":{"line":45,"column":5}}],"line":17},"1":{"loc":{"start":{"line":17,"column":7},"end":{"line":17,"column":46}},"type":"binary-expr","locations":[{"start":{"line":17,"column":7},"end":{"line":17,"column":24}},{"start":{"line":17,"column":28},"end":{"line":17,"column":46}}],"line":17},"2":{"loc":{"start":{"line":23,"column":9},"end":{"line":45,"column":5}},"type":"if","locations":[{"start":{"line":23,"column":9},"end":{"line":45,"column":5}},{"start":{"line":23,"column":9},"end":{"line":45,"column":5}}],"line":23},"3":{"loc":{"start":{"line":23,"column":12},"end":{"line":23,"column":69}},"type":"binary-expr","locations":[{"start":{"line":23,"column":12},"end":{"line":23,"column":38}},{"start":{"line":23,"column":42},"end":{"line":23,"column":69}}],"line":23},"4":{"loc":{"start":{"line":37,"column":8},"end":{"line":44,"column":9}},"type":"if","locations":[{"start":{"line":37,"column":8},"end":{"line":44,"column":9}},{"start":{"line":37,"column":8},"end":{"line":44,"column":9}}],"line":37}},"s":{"0":0,"1":0,"2":0,"3":0,"4":0,"5":0,"6":0,"7":0,"8":0,"9":0,"10":0,"11":0,"12":0,"13":0,"14":0,"15":0,"16":0,"17":0,"18":0,"19":0,"20":0,"21":0,"22":0,"23":0,"24":0,"25":0,"26":0,"27":0,"28":0,"29":0,"30":0},"f":{"0":0},"b":{"0":[0,0],"1":[0,0],"2":[0,0],"3":[0,0],"4":[0,0]}}
}
